<?xml version="1.0" encoding="UTF-8"?>
<testng-results skipped="0" failed="0" ignored="0" total="2" passed="2">
  <reporter-output>
  </reporter-output>
  <suite name="Default suite" duration-ms="15519" started-at="2016-12-16T08:31:39Z" finished-at="2016-12-16T08:31:55Z">
    <groups>
    </groups>
    <test name="Default test" duration-ms="15519" started-at="2016-12-16T08:31:39Z" finished-at="2016-12-16T08:31:55Z">
      <class name="mainproject.Tripfinder">
        <test-method status="PASS" signature="setUp()[pri:0, instance:mainproject.Tripfinder@548a9f61]" name="setUp" is-config="true" duration-ms="4156" started-at="2016-12-16T16:31:39Z" finished-at="2016-12-16T16:31:43Z">
          <reporter-output>
          </reporter-output>
        </test-method> <!-- setUp -->
        <test-method status="PASS" signature="verifyHomepageTitle()[pri:0, instance:mainproject.Tripfinder@548a9f61]" name="verifyHomepageTitle" duration-ms="11" started-at="2016-12-16T16:31:43Z" finished-at="2016-12-16T16:31:43Z">
          <reporter-output>
          </reporter-output>
        </test-method> <!-- verifyHomepageTitle -->
        <test-method status="PASS" signature="searchTrip(java.lang.String, java.lang.String)[pri:1, instance:mainproject.Tripfinder@548a9f61]" name="searchTrip" duration-ms="10635" started-at="2016-12-16T16:31:43Z" data-provider="SearchProvider" finished-at="2016-12-16T16:31:54Z">
          <params>
            <param index="0">
              <value>
                <![CDATA[North Sydney Station]]>
              </value>
            </param>
            <param index="1">
              <value>
                <![CDATA[Town Hall Station]]>
              </value>
            </param>
          </params>
          <reporter-output>
          </reporter-output>
        </test-method> <!-- searchTrip -->
        <test-method status="PASS" signature="closeBrowser()[pri:0, instance:mainproject.Tripfinder@548a9f61]" name="closeBrowser" is-config="true" duration-ms="703" started-at="2016-12-16T16:31:54Z" finished-at="2016-12-16T16:31:55Z">
          <reporter-output>
          </reporter-output>
        </test-method> <!-- closeBrowser -->
      </class> <!-- mainproject.Tripfinder -->
    </test> <!-- Default test -->
  </suite> <!-- Default suite -->
</testng-results>
